<?xml version="1.0" encoding="UTF-8"?>
<!-- Generated by org.testng.reporters.JUnitXMLReporter -->
<testsuite hostname="NDI-LAP-723" ignored="0" name="Test" tests="3" failures="0" timestamp="26 Dec 2019 07:44:59 GMT" time="9.505" errors="0">
  <testcase name="AddEditAndDeleteComponent" time="7.975" classname="jiraAPI.AddEditDeleteComponentTest"/>
  <testcase name="CreateBugAndAddComments" time="0.8" classname="jiraAPI.CreateBugAddCommentsTest"/>
  <testcase name="CreateEditAndDeleteBugTest" time="0.575" classname="jiraAPI.CreateEditDeleteBugTest"/>
</testsuite> <!-- Test -->
