<?xml version="1.0" encoding="UTF-8"?>
<!-- Generated by org.testng.reporters.JUnitXMLReporter -->
<testsuite hostname="NDI-LAP-723" ignored="0" name="Command line test" tests="2" failures="0" timestamp="22 Nov 2019 08:49:10 GMT" time="2.533" errors="0">
  <testcase name="testApi_1" time="2.169" classname="com.RestAPI.com.canvas.RestAPI.CreateAndDeleteResposeTest"/>
  <testcase name="createBug" time="0.319" classname="com.RestAPI.com.canvas.RestAPI.JiraApiCreateEditDeleteBugTest"/>
</testsuite> <!-- Command line test -->
