<?xml version="1.0" encoding="UTF-8"?>
<!-- Generated by org.testng.reporters.JUnitXMLReporter -->
<testsuite hostname="NDI-LAP-723" ignored="0" name="Test" tests="3" failures="0" timestamp="21 Nov 2019 15:48:28 GMT" time="9.684" errors="0">
  <testcase name="createBug" time="7.208" classname="com.RestAPI.com.canvas.RestAPI.JiraApiCreateEditDeleteBugTest"/>
  <testcase name="testApi_1" time="0.632" classname="com.RestAPI.com.canvas.RestAPI.CreateAndDeleteResposeTest"/>
  <testcase name="testApi_1" time="1.728" classname="com.RestAPI.com.canvas.RestAPI.FindCompleteDataTest"/>
</testsuite> <!-- Test -->
