<?xml version="1.0" encoding="UTF-8"?>
<testng-results skipped="0" failed="0" ignored="0" total="3" passed="3">
  <reporter-output>
  </reporter-output>
  <suite name="Suite" duration-ms="9505" started-at="2019-12-26T07:44:50Z" finished-at="2019-12-26T07:44:59Z">
    <groups>
    </groups>
    <test name="Test" duration-ms="9505" started-at="2019-12-26T07:44:50Z" finished-at="2019-12-26T07:44:59Z">
      <class name="jiraAPI.AddEditDeleteComponentTest">
        <test-method status="PASS" signature="getdData()[pri:0, instance:jiraAPI.AddEditDeleteComponentTest@4501b7af]" name="getdData" is-config="true" duration-ms="40" started-at="2019-12-26T07:44:50Z" finished-at="2019-12-26T07:44:50Z">
          <reporter-output>
          </reporter-output>
        </test-method> <!-- getdData -->
        <test-method status="PASS" signature="getdData()[pri:0, instance:jiraAPI.CreateBugAddCommentsTest@523884b2]" name="getdData" is-config="true" duration-ms="1" started-at="2019-12-26T07:44:50Z" finished-at="2019-12-26T07:44:50Z">
          <reporter-output>
          </reporter-output>
        </test-method> <!-- getdData -->
        <test-method status="PASS" signature="getData()[pri:0, instance:jiraAPI.CreateEditDeleteBugTest@5b275dab]" name="getData" is-config="true" duration-ms="0" started-at="2019-12-26T07:44:50Z" finished-at="2019-12-26T07:44:50Z">
          <reporter-output>
          </reporter-output>
        </test-method> <!-- getData -->
        <test-method status="PASS" signature="AddEditAndDeleteComponent()[pri:0, instance:jiraAPI.AddEditDeleteComponentTest@4501b7af]" name="AddEditAndDeleteComponent" duration-ms="7975" started-at="2019-12-26T07:44:50Z" finished-at="2019-12-26T07:44:58Z">
          <reporter-output>
          </reporter-output>
        </test-method> <!-- AddEditAndDeleteComponent -->
      </class> <!-- jiraAPI.AddEditDeleteComponentTest -->
      <class name="jiraAPI.CreateEditDeleteBugTest">
        <test-method status="PASS" signature="CreateEditAndDeleteBugTest()[pri:0, instance:jiraAPI.CreateEditDeleteBugTest@5b275dab]" name="CreateEditAndDeleteBugTest" duration-ms="575" started-at="2019-12-26T07:44:59Z" finished-at="2019-12-26T07:44:59Z">
          <reporter-output>
          </reporter-output>
        </test-method> <!-- CreateEditAndDeleteBugTest -->
      </class> <!-- jiraAPI.CreateEditDeleteBugTest -->
      <class name="jiraAPI.CreateBugAddCommentsTest">
        <test-method status="PASS" signature="CreateBugAndAddComments()[pri:0, instance:jiraAPI.CreateBugAddCommentsTest@523884b2]" name="CreateBugAndAddComments" duration-ms="800" started-at="2019-12-26T07:44:58Z" finished-at="2019-12-26T07:44:58Z">
          <reporter-output>
          </reporter-output>
        </test-method> <!-- CreateBugAndAddComments -->
      </class> <!-- jiraAPI.CreateBugAddCommentsTest -->
    </test> <!-- Test -->
  </suite> <!-- Suite -->
</testng-results>
